<?xml version="1.0" encoding="UTF-8"?>
<testng-results ignored="2" total="4" passed="2" failed="0" skipped="0">
  <reporter-output>
  </reporter-output>
  <suite started-at="2023-03-28T21:06:34 PDT" name="All Test Suite" finished-at="2023-03-28T21:07:05 PDT" duration-ms="30232">
    <groups>
      <group name="purchase">
        <method signature="SubmitOrderTest.submitOrder(java.util.HashMap)[pri:0, instance:AutomationLearning.SubmitOrderTest@63021689]" name="submitOrder" class="AutomationLearning.SubmitOrderTest"/>
      </group> <!-- purchase -->
      <group name="order">
        <method signature="SubmitOrderTest.submitOrder(java.util.HashMap)[pri:0, instance:AutomationLearning.SubmitOrderTest@63021689]" name="submitOrder" class="AutomationLearning.SubmitOrderTest"/>
      </group> <!-- order -->
    </groups>
    <test started-at="2023-03-28T21:06:34 PDT" name="Error Validation Test" finished-at="2023-03-28T21:06:34 PDT" duration-ms="17">
    </test> <!-- Error Validation Test -->
    <test started-at="2023-03-28T21:06:34 PDT" name="SubmitOrderTest" finished-at="2023-03-28T21:07:05 PDT" duration-ms="30232">
      <class name="AutomationLearning.SubmitOrderTest">
        <test-method is-config="true" signature="launchApplicaiton()[pri:0, instance:AutomationLearning.SubmitOrderTest@63021689]" started-at="2023-03-28T21:06:35 PDT" name="launchApplicaiton" finished-at="2023-03-28T21:06:44 PDT" duration-ms="9341" status="PASS">
          <reporter-output>
          </reporter-output>
        </test-method> <!-- launchApplicaiton -->
        <test-method signature="submitOrder(java.util.HashMap)[pri:0, instance:AutomationLearning.SubmitOrderTest@63021689]" started-at="2023-03-28T21:06:44 PDT" name="submitOrder" data-provider="getData" finished-at="2023-03-28T21:06:51 PDT" duration-ms="6379" status="PASS">
          <params>
            <param index="0">
              <value>
                <![CDATA[{password=Saha@123, email=Saha@gmail.com, productName=ZARA COAT 3}]]>
              </value>
            </param>
          </params>
          <reporter-output>
          </reporter-output>
        </test-method> <!-- submitOrder -->
        <test-method is-config="true" signature="launchApplicaiton()[pri:0, instance:AutomationLearning.SubmitOrderTest@63021689]" started-at="2023-03-28T21:06:51 PDT" name="launchApplicaiton" finished-at="2023-03-28T21:06:58 PDT" duration-ms="6991" status="PASS">
          <reporter-output>
          </reporter-output>
        </test-method> <!-- launchApplicaiton -->
        <test-method signature="submitOrder(java.util.HashMap)[pri:0, instance:AutomationLearning.SubmitOrderTest@63021689]" started-at="2023-03-28T21:06:58 PDT" name="submitOrder" data-provider="getData" finished-at="2023-03-28T21:07:05 PDT" duration-ms="7110" status="PASS">
          <params>
            <param index="0">
              <value>
                <![CDATA[{password=Saha@123, email=samdev@gmail.com, productName=ADIDAS ORIGINAL}]]>
              </value>
            </param>
          </params>
          <reporter-output>
          </reporter-output>
        </test-method> <!-- submitOrder -->
      </class> <!-- AutomationLearning.SubmitOrderTest -->
    </test> <!-- SubmitOrderTest -->
  </suite> <!-- All Test Suite -->
</testng-results>
