<?xml version="1.0" encoding="UTF-8"?>
<!-- Generated by org.testng.reporters.JUnitXMLReporter -->
<testsuite ignored="0" hostname="Sankshata" failures="1" tests="3" name="Error Validation Test" time="40.572" errors="0" timestamp="2023-03-27T14:03:10 PDT">
  <testcase classname="AutomationLearning.ErrorValidation" name="submitOrder" time="1.116">
    <skipped/>
  </testcase> <!-- submitOrder -->
  <testcase classname="AutomationLearning.ErrorValidation" name="submitOrder" time="1.253">
    <skipped/>
  </testcase> <!-- submitOrder -->
  <testcase classname="AutomationLearning.ErrorValidation" name="submitOrder" time="0.764">
    <failure type="java.lang.AssertionError" message="expected [Incorrect email or password.] but found [Incorrect email password.]">
      <![CDATA[java.lang.AssertionError: expected [Incorrect email or password.] but found [Incorrect email password.]
at AutomationLearning.ErrorValidation.submitOrder(ErrorValidation.java:16)
at java.base/java.util.ArrayList.forEach(ArrayList.java:1540)
at java.base/java.util.concurrent.FutureTask.run(FutureTask.java:264)
at java.base/java.util.concurrent.ThreadPoolExecutor.runWorker(ThreadPoolExecutor.java:1128)
at java.base/java.util.concurrent.ThreadPoolExecutor$Worker.run(ThreadPoolExecutor.java:628)
at java.base/java.lang.Thread.run(Thread.java:835)
... Removed 24 stack frames]]>
    </failure>
  </testcase> <!-- submitOrder -->
</testsuite> <!-- Error Validation Test -->
