<?xml version="1.0" encoding="UTF-8"?>
<!-- Generated by org.testng.reporters.JUnitXMLReporter -->
<testsuite ignored="1" hostname="Sankshata" failures="0" tests="2" name="SubmitOrderTest" time="30.232" errors="0" timestamp="2023-03-28T21:07:05 PDT">
  <testcase classname="AutomationLearning.SubmitOrderTest" name="submitOrder" time="6.379"/>
  <testcase classname="AutomationLearning.SubmitOrderTest" name="submitOrder" time="7.11"/>
  <testcase classname="AutomationLearning.SubmitOrderTest" name="orderHistoryTest" time="0.0">
    <ignored/>
  </testcase> <!-- orderHistoryTest -->
</testsuite> <!-- SubmitOrderTest -->
