<?xml version="1.0" encoding="UTF-8"?>
<!-- Generated by org.testng.reporters.JUnitXMLReporter -->
<testsuite ignored="0" hostname="Sankshata" failures="0" tests="3" name="SubmitOrderTest" time="52.567" errors="0" timestamp="2023-03-27T14:03:22 PDT">
  <testcase classname="AutomationLearning.SubmitOrderTest" name="submitOrder" time="8.091"/>
  <testcase classname="AutomationLearning.SubmitOrderTest" name="submitOrder" time="8.592"/>
  <testcase classname="AutomationLearning.SubmitOrderTest" name="orderHistoryTest" time="1.59"/>
</testsuite> <!-- SubmitOrderTest -->
